Arguments: 
  /home/ashtyn372/.config/nvm/versions/node/v14.10.1/bin/node /usr/share/yarn/bin/yarn.js init

PATH: 
  /home/ashtyn372/.local/bin:/home/ashtyn372/.config/nvm/versions/node/v14.10.1/bin:/usr/local/bin:/usr/bin:/bin:/usr/local/games:/usr/games:/home/ashtyn372/.cargo/bin:/usr/local/go/bin:/home/ashtyn372/.local/bin:/usr/local/go/bin:/home/ashtyn372/.cargo/bin:/usr/local/go/bin:/home/ashtyn372/.local/bin

Yarn version: 
  1.22.5

Node version: 
  14.10.1

Platform: 
  linux x64

Trace: 
  SyntaxError: /home/ashtyn372/code/SL/package.json: Unexpected end of JSON input
      at JSON.parse (<anonymous>)
      at /usr/share/yarn/lib/cli.js:1625:59
      at Generator.next (<anonymous>)
      at step (/usr/share/yarn/lib/cli.js:310:30)
      at /usr/share/yarn/lib/cli.js:321:13

npm manifest: 
  

yarn manifest: 
  No manifest

Lockfile: 
  No lockfile
